<?xml version="1.0" encoding="UTF-8"?>
<!-- Generated by org.testng.reporters.JUnitReportReporter -->
<testsuite hostname="LAPTOP-ML4CRSNC" failures="0" tests="1" name="testCases.TC_001_AccountRegistrationTest" time="16.671" errors="0" timestamp="2024-12-10T17:12:00 IST" skipped="0">
  <testcase classname="testCases.TC_001_AccountRegistrationTest" name="verify_account_registration" time="16.671"/>
</testsuite> <!-- testCases.TC_001_AccountRegistrationTest -->
