<?xml version="1.0" encoding="UTF-8"?>
<!-- Generated by org.testng.reporters.JUnitReportReporter -->
<testsuite hostname="LAPTOP-ML4CRSNC" failures="0" tests="1" name="testCases.TC_002_LoginTest" time="11.245" errors="0" timestamp="2024-12-10T22:50:10 IST" skipped="0">
  <testcase classname="testCases.TC_002_LoginTest" name="verify_login" time="11.245"/>
</testsuite> <!-- testCases.TC_002_LoginTest -->
